
 /----------------------------------------------------------------------------\
 |                                                                            |
 |  yosys -- Yosys Open SYnthesis Suite                                       |
 |                                                                            |
 |  Copyright (C) 2012 - 2019  Clifford Wolf <clifford@clifford.at>           |
 |                                                                            |
 |  Permission to use, copy, modify, and/or distribute this software for any  |
 |  purpose with or without fee is hereby granted, provided that the above    |
 |  copyright notice and this permission notice appear in all copies.         |
 |                                                                            |
 |  THE SOFTWARE IS PROVIDED "AS IS" AND THE AUTHOR DISCLAIMS ALL WARRANTIES  |
 |  WITH REGARD TO THIS SOFTWARE INCLUDING ALL IMPLIED WARRANTIES OF          |
 |  MERCHANTABILITY AND FITNESS. IN NO EVENT SHALL THE AUTHOR BE LIABLE FOR   |
 |  ANY SPECIAL, DIRECT, INDIRECT, OR CONSEQUENTIAL DAMAGES OR ANY DAMAGES    |
 |  WHATSOEVER RESULTING FROM LOSS OF USE, DATA OR PROFITS, WHETHER IN AN     |
 |  ACTION OF CONTRACT, NEGLIGENCE OR OTHER TORTIOUS ACTION, ARISING OUT OF   |
 |  OR IN CONNECTION WITH THE USE OR PERFORMANCE OF THIS SOFTWARE.            |
 |                                                                            |
 \----------------------------------------------------------------------------/

 Yosys 0.9 (git sha1 1979e0b)


-- Executing script file `/tmp/tmpc5bxxv0a/prove_fb.ys' --

1. Executing Verilog-2005 frontend: COUNT_12BX2/SC_LIB_SCH.v
Parsing Verilog input from `COUNT_12BX2/SC_LIB_SCH.v' to AST representation.
Generating RTLIL representation for module `\SC_AND2B2_140_90D2'.
Generating RTLIL representation for module `\SC_AND2B2_140_90D4'.
Generating RTLIL representation for module `\SC_AND2_50_30'.
Generating RTLIL representation for module `\SC_AND2_100_40'.
Generating RTLIL representation for module `\SC_AND2_100_90'.
Generating RTLIL representation for module `\SC_AND2_140_80'.
Generating RTLIL representation for module `\SC_AND2_140_90D2'.
Generating RTLIL representation for module `\SC_AND2_140_90D4'.
Generating RTLIL representation for module `\SC_AND3B1_120_70'.
Generating RTLIL representation for module `\SC_AND3B1_130_80'.
Generating RTLIL representation for module `\SC_AND3B12_140_90D4'.
Generating RTLIL representation for module `\SC_AND3_50_30'.
Generating RTLIL representation for module `\SC_AND3_140_80'.
Generating RTLIL representation for module `\SC_AND4B1_140_70'.
Generating RTLIL representation for module `\SC_AND4B34_140_80'.
Generating RTLIL representation for module `\SC_AND4_140_80'.
Generating RTLIL representation for module `\SC_AO12_140_80'.
Generating RTLIL representation for module `\SC_AO13_140_80'.
Generating RTLIL representation for module `\SC_AO22_140_80'.
Generating RTLIL representation for module `\SC_AO22_140_90D2'.
Generating RTLIL representation for module `\SC_AO112_140_80'.
Generating RTLIL representation for module `\SC_AO112_140_90D2'.
Generating RTLIL representation for module `\SC_AO112_140_90D4'.
Generating RTLIL representation for module `\SC_AO122_140_80'.
Generating RTLIL representation for module `\SC_AOA112_140_80'.
Generating RTLIL representation for module `\SC_AOI12_140_90D2'.
Generating RTLIL representation for module `\SC_AOI12_E100_70'.
Generating RTLIL representation for module `\SC_AOI22_E100_60'.
Generating RTLIL representation for module `\SC_AOI112_E100_70'.
Generating RTLIL representation for module `\SC_BUF_40_30'.
Generating RTLIL representation for module `\SC_BUF_100_50'.
Generating RTLIL representation for module `\SC_BUF_100_90'.
Generating RTLIL representation for module `\SC_BUF_100_90D4'.
Generating RTLIL representation for module `\SC_BUF_130_80'.
Generating RTLIL representation for module `\SC_BUF_130_80S1'.
Generating RTLIL representation for module `\SC_BUF_140X2_100'.
Generating RTLIL representation for module `\SC_BUF_140_60'.
Generating RTLIL representation for module `\SC_BUF_140_100'.
Generating RTLIL representation for module `\SC_BUF_140_100D2'.
Generating RTLIL representation for module `\SC_BUF_140_100D3'.
Generating RTLIL representation for module `\SC_BUF_140_100D4'.
Generating RTLIL representation for module `\SC_BUF_140_100D8'.
Generating RTLIL representation for module `\SC_CARRY_140_80'.
Generating RTLIL representation for module `\SC_DFB_140_90'.
Generating RTLIL representation for module `\SC_DFC_140_90'.
Generating RTLIL representation for module `\SC_DFS_140_90'.
Generating RTLIL representation for module `\SC_FNCLOCKGATING_140_80'.
Note: Assuming pure combinatorial block at COUNT_12BX2/SC_LIB_SCH.v:885 in
compliance with IEC 62142(E):2005 / IEEE Std. 1364.1(E):2002. Recommending
use of @* instead of @(...) for better match of synthesis and simulation.
Generating RTLIL representation for module `\SC_HADD_140_80'.
Generating RTLIL representation for module `\SC_INV_50_30'.
Generating RTLIL representation for module `\SC_INV_100_50'.
Generating RTLIL representation for module `\SC_INV_100_90'.
Generating RTLIL representation for module `\SC_INV_100_90D2'.
Generating RTLIL representation for module `\SC_INV_140_60'.
Generating RTLIL representation for module `\SC_INV_140_100'.
Generating RTLIL representation for module `\SC_INV_140_100D2'.
Generating RTLIL representation for module `\SC_INV_140_100D3'.
Generating RTLIL representation for module `\SC_INV_140_100D4'.
Generating RTLIL representation for module `\SC_LAC_140_80'.
Note: Assuming pure combinatorial block at COUNT_12BX2/SC_LIB_SCH.v:1073 in
compliance with IEC 62142(E):2005 / IEEE Std. 1364.1(E):2002. Recommending
use of @* instead of @(...) for better match of synthesis and simulation.
Generating RTLIL representation for module `\SC_LAC_140_80S1'.
Note: Assuming pure combinatorial block at COUNT_12BX2/SC_LIB_SCH.v:1101 in
compliance with IEC 62142(E):2005 / IEEE Std. 1364.1(E):2002. Recommending
use of @* instead of @(...) for better match of synthesis and simulation.
Generating RTLIL representation for module `\SC_LAS_140_80'.
Note: Assuming pure combinatorial block at COUNT_12BX2/SC_LIB_SCH.v:1129 in
compliance with IEC 62142(E):2005 / IEEE Std. 1364.1(E):2002. Recommending
use of @* instead of @(...) for better match of synthesis and simulation.
Generating RTLIL representation for module `\SC_MFB_140_80'.
Generating RTLIL representation for module `\SC_MFC_140_80'.
Generating RTLIL representation for module `\SC_MFC_140_80S1'.
Generating RTLIL representation for module `\SC_MFC_140_90D4'.
Generating RTLIL representation for module `\SC_MFS_140_80'.
Generating RTLIL representation for module `\SC_MX21_100_50'.
Generating RTLIL representation for module `\SC_MX21_140_80'.
Generating RTLIL representation for module `\SC_MX21_140_90'.
Generating RTLIL representation for module `\SC_MX21_140_90D2'.
Generating RTLIL representation for module `\SC_NAND2B1_30_30'.
Generating RTLIL representation for module `\SC_NAND2B1_140_90'.
Generating RTLIL representation for module `\SC_NAND2B2_140X2_90'.
Generating RTLIL representation for module `\SC_NAND2B2_140_90'.
Generating RTLIL representation for module `\SC_NAND2B12_140_80'.
Generating RTLIL representation for module `\SC_NAND2_30_30'.
Generating RTLIL representation for module `\SC_NAND2_70_40'.
Generating RTLIL representation for module `\SC_NAND2_100_90'.
Generating RTLIL representation for module `\SC_NAND2_140X2_90'.
Generating RTLIL representation for module `\SC_NAND2_140X3_80'.
Generating RTLIL representation for module `\SC_NAND2_140_90'.
Generating RTLIL representation for module `\SC_NAND2_140_90D2'.
Generating RTLIL representation for module `\SC_NAND3B3_120_90'.
Generating RTLIL representation for module `\SC_NAND3B12_140_90'.
Generating RTLIL representation for module `\SC_NAND3_50_40'.
Generating RTLIL representation for module `\SC_NAND3_120_100'.
Generating RTLIL representation for module `\SC_NAND3_140_90D4'.
Generating RTLIL representation for module `\SC_NAND4B1_100_90'.
Generating RTLIL representation for module `\SC_NAND4B34_120_90'.
Generating RTLIL representation for module `\SC_NAND4B34_120_90S1'.
Generating RTLIL representation for module `\SC_NAND4_120_90'.
Generating RTLIL representation for module `\SC_NOR2B2_120_70'.
Generating RTLIL representation for module `\SC_NOR2B2_140_70'.
Generating RTLIL representation for module `\SC_NOR2_30_30'.
Generating RTLIL representation for module `\SC_NOR2_100_30'.
Generating RTLIL representation for module `\SC_NOR2_100_90'.
Generating RTLIL representation for module `\SC_NOR2_140_70'.
Generating RTLIL representation for module `\SC_NOR2_140_90'.
Generating RTLIL representation for module `\SC_NOR2_140_90D2'.
Generating RTLIL representation for module `\SC_NOR3B3_100_30'.
Generating RTLIL representation for module `\SC_NOR3B3_130_80'.
Generating RTLIL representation for module `\SC_NOR3_30_30'.
Generating RTLIL representation for module `\SC_NOR3_100_30'.
Generating RTLIL representation for module `\SC_NOR3_130_70'.
Generating RTLIL representation for module `\SC_NOR4B34_130_80'.
Generating RTLIL representation for module `\SC_OA12_140_80'.
Generating RTLIL representation for module `\SC_OA12_140_90D2'.
Generating RTLIL representation for module `\SC_OA13_140_80'.
Generating RTLIL representation for module `\SC_OA22_140_80'.
Generating RTLIL representation for module `\SC_OA122_140_80'.
Generating RTLIL representation for module `\SC_OA211_140_80'.
Generating RTLIL representation for module `\SC_OAI12_100_E80'.
Generating RTLIL representation for module `\SC_OAI22_100_E80'.
Generating RTLIL representation for module `\SC_OAI211_90_E60'.
Generating RTLIL representation for module `\SC_OAO112_140_80'.
Generating RTLIL representation for module `\SC_OR2B2_140_90D4'.
Generating RTLIL representation for module `\SC_OR2_30_30'.
Generating RTLIL representation for module `\SC_OR2_100_90'.
Generating RTLIL representation for module `\SC_OR2_140_80'.
Generating RTLIL representation for module `\SC_OR2_140_90D2'.
Generating RTLIL representation for module `\SC_OR2_140_90D4'.
Generating RTLIL representation for module `\SC_OR3_140_80'.
Generating RTLIL representation for module `\SC_OR4B1_140_90'.
Generating RTLIL representation for module `\SC_OR4_140_90'.
Generating RTLIL representation for module `\SC_REGCELL_140_90'.
Generating RTLIL representation for module `\SC_REGCELL_140_90S1'.
Generating RTLIL representation for module `\SC_XNOR2_E120_E70'.
Generating RTLIL representation for module `\SC_XNOR3_140_E90'.
Generating RTLIL representation for module `\SC_XOR2_140_80'.
Generating RTLIL representation for module `\SC_XOR2_E120_70'.
Generating RTLIL representation for module `\SC_XOR3_E140_90'.
Successfully finished Verilog frontend.

2. Executing Verilog-2005 frontend: COUNT_12BX2/impl.v
Parsing Verilog input from `COUNT_12BX2/impl.v' to AST representation.
Generating RTLIL representation for module `\COUNT_12BX2'.
COUNT_12BX2/impl.v:45: Warning: Identifier `\X421_73_ZN' is implicitly declared.
COUNT_12BX2/impl.v:45: Warning: Identifier `\X0_1625_Q' is implicitly declared.
COUNT_12BX2/impl.v:47: Warning: Identifier `\X467_73_ZN' is implicitly declared.
COUNT_12BX2/impl.v:47: Warning: Identifier `\X0_1626_Q' is implicitly declared.
COUNT_12BX2/impl.v:49: Warning: Identifier `\X409_73_ZN' is implicitly declared.
COUNT_12BX2/impl.v:49: Warning: Identifier `\X1804_Q' is implicitly declared.
COUNT_12BX2/impl.v:51: Warning: Identifier `\X633_207_ZN' is implicitly declared.
COUNT_12BX2/impl.v:52: Warning: Identifier `\X1713_Q' is implicitly declared.
COUNT_12BX2/impl.v:52: Warning: Identifier `\X0_1715_Q' is implicitly declared.
COUNT_12BX2/impl.v:53: Warning: Identifier `\X4_6_ZN' is implicitly declared.
COUNT_12BX2/impl.v:54: Warning: Identifier `\X8330_SUM' is implicitly declared.
COUNT_12BX2/impl.v:54: Warning: Identifier `\X748_5_ZN' is implicitly declared.
COUNT_12BX2/impl.v:54: Warning: Identifier `\X746_5_ZN' is implicitly declared.
COUNT_12BX2/impl.v:56: Warning: Identifier `\X28_263_CO' is implicitly declared.
COUNT_12BX2/impl.v:56: Warning: Identifier `\X63_1886_Q' is implicitly declared.
COUNT_12BX2/impl.v:56: Warning: Identifier `\X24_263_CO' is implicitly declared.
COUNT_12BX2/impl.v:58: Warning: Identifier `\X72_330_CO' is implicitly declared.
COUNT_12BX2/impl.v:58: Warning: Identifier `\X25_263_CO' is implicitly declared.
COUNT_12BX2/impl.v:60: Warning: Identifier `\X57_10_Q' is implicitly declared.
COUNT_12BX2/impl.v:60: Warning: Identifier `\X3383_CO' is implicitly declared.
COUNT_12BX2/impl.v:60: Warning: Identifier `\X26_263_CO' is implicitly declared.
COUNT_12BX2/impl.v:62: Warning: Identifier `\X630_103_Z' is implicitly declared.
COUNT_12BX2/impl.v:62: Warning: Identifier `\X27_263_CO' is implicitly declared.
COUNT_12BX2/impl.v:64: Warning: Identifier `\X32_263_CO' is implicitly declared.
COUNT_12BX2/impl.v:64: Warning: Identifier `\X1712_Q' is implicitly declared.
COUNT_12BX2/impl.v:66: Warning: Identifier `\X72_330_SUM' is implicitly declared.
COUNT_12BX2/impl.v:66: Warning: Identifier `\X3484_ZN' is implicitly declared.
COUNT_12BX2/impl.v:66: Warning: Identifier `\X29_85_CO' is implicitly declared.
COUNT_12BX2/impl.v:67: Warning: Identifier `\X29_85_SUM' is implicitly declared.
COUNT_12BX2/impl.v:69: Warning: Identifier `\X30_6_ZN' is implicitly declared.
COUNT_12BX2/impl.v:70: Warning: Identifier `\X1796_Q' is implicitly declared.
COUNT_12BX2/impl.v:70: Warning: Identifier `\X8636_CO' is implicitly declared.
COUNT_12BX2/impl.v:70: Warning: Identifier `\X30_263_CO' is implicitly declared.
COUNT_12BX2/impl.v:72: Warning: Identifier `\X8625_CO' is implicitly declared.
COUNT_12BX2/impl.v:72: Warning: Identifier `\X31_263_CO' is implicitly declared.
COUNT_12BX2/impl.v:74: Warning: Identifier `\X2492_CO' is implicitly declared.
COUNT_12BX2/impl.v:74: Warning: Identifier `\X430_309_Q' is implicitly declared.
COUNT_12BX2/impl.v:76: Warning: Identifier `\X8633_CO' is implicitly declared.
COUNT_12BX2/impl.v:76: Warning: Identifier `\X1806_Q' is implicitly declared.
COUNT_12BX2/impl.v:76: Warning: Identifier `\X33_263_CO' is implicitly declared.
COUNT_12BX2/impl.v:78: Warning: Identifier `\X8638_CO' is implicitly declared.
COUNT_12BX2/impl.v:78: Warning: Identifier `\X36_263_CO' is implicitly declared.
COUNT_12BX2/impl.v:80: Warning: Identifier `\X8341_CO' is implicitly declared.
COUNT_12BX2/impl.v:80: Warning: Identifier `\X59_5_ZN' is implicitly declared.
COUNT_12BX2/impl.v:80: Warning: Identifier `\X38_85_CO' is implicitly declared.
COUNT_12BX2/impl.v:81: Warning: Identifier `\X38_85_SUM' is implicitly declared.
COUNT_12BX2/impl.v:82: Warning: Identifier `\X1795_Q' is implicitly declared.
COUNT_12BX2/impl.v:82: Warning: Identifier `\X1798_Q' is implicitly declared.
COUNT_12BX2/impl.v:82: Warning: Identifier `\X46_344_CO' is implicitly declared.
COUNT_12BX2/impl.v:84: Warning: Identifier `\X1892_CO' is implicitly declared.
COUNT_12BX2/impl.v:84: Warning: Identifier `\X1849_Q' is implicitly declared.
COUNT_12BX2/impl.v:84: Warning: Identifier `\X47_344_CO' is implicitly declared.
COUNT_12BX2/impl.v:86: Warning: Identifier `\X8641_ZN' is implicitly declared.
COUNT_12BX2/impl.v:88: Warning: Identifier `\X8350_ZN' is implicitly declared.
COUNT_12BX2/impl.v:89: Warning: Identifier `\X3385_ZN' is implicitly declared.
COUNT_12BX2/impl.v:91: Warning: Identifier `\X1802_Q' is implicitly declared.
COUNT_12BX2/impl.v:92: Warning: Identifier `\X72_6_ZN' is implicitly declared.
COUNT_12BX2/impl.v:93: Warning: Identifier `\X1805_Q' is implicitly declared.
COUNT_12BX2/impl.v:95: Warning: Identifier `\X8616_Z' is implicitly declared.
COUNT_12BX2/impl.v:95: Warning: Identifier `\X8619_Z' is implicitly declared.
COUNT_12BX2/impl.v:96: Warning: Identifier `\X154_21_ZN' is implicitly declared.
COUNT_12BX2/impl.v:97: Warning: Identifier `\X8343_SUM' is implicitly declared.
COUNT_12BX2/impl.v:97: Warning: Identifier `\X747_5_ZN' is implicitly declared.
COUNT_12BX2/impl.v:99: Warning: Identifier `\X1661_SUM' is implicitly declared.
COUNT_12BX2/impl.v:99: Warning: Identifier `\X625_5_ZN' is implicitly declared.
COUNT_12BX2/impl.v:102: Warning: Identifier `\X212_6_ZN' is implicitly declared.
COUNT_12BX2/impl.v:103: Warning: Identifier `\X8617_Z' is implicitly declared.
COUNT_12BX2/impl.v:103: Warning: Identifier `\X8618_Z' is implicitly declared.
COUNT_12BX2/impl.v:104: Warning: Identifier `\X214_21_ZN' is implicitly declared.
COUNT_12BX2/impl.v:105: Warning: Identifier `\X422_73_ZN' is implicitly declared.
COUNT_12BX2/impl.v:106: Warning: Identifier `\X351_44_Q' is implicitly declared.
COUNT_12BX2/impl.v:107: Warning: Identifier `\X8279_ZN' is implicitly declared.
COUNT_12BX2/impl.v:109: Warning: Identifier `\X8340_SUM' is implicitly declared.
COUNT_12BX2/impl.v:109: Warning: Identifier `\X1033_5_ZN' is implicitly declared.
COUNT_12BX2/impl.v:111: Warning: Identifier `\X421_Z' is implicitly declared.
COUNT_12BX2/impl.v:111: Warning: Identifier `\X3382_Z' is implicitly declared.
COUNT_12BX2/impl.v:112: Warning: Identifier `\X420_ZN' is implicitly declared.
COUNT_12BX2/impl.v:115: Warning: Identifier `\X605_189_ZN' is implicitly declared.
COUNT_12BX2/impl.v:115: Warning: Identifier `\X636_64_ZN' is implicitly declared.
COUNT_12BX2/impl.v:117: Warning: Identifier `\X8275_ZN' is implicitly declared.
COUNT_12BX2/impl.v:117: Warning: Identifier `\X8526_ZN' is implicitly declared.
COUNT_12BX2/impl.v:119: Warning: Identifier `\X632_207_ZN' is implicitly declared.
COUNT_12BX2/impl.v:121: Warning: Identifier `\X630_189_ZN' is implicitly declared.
COUNT_12BX2/impl.v:121: Warning: Identifier `\X744_64_ZN' is implicitly declared.
COUNT_12BX2/impl.v:122: Warning: Identifier `\X431_73_ZN' is implicitly declared.
COUNT_12BX2/impl.v:123: Warning: Identifier `\X8397_ZN' is implicitly declared.
COUNT_12BX2/impl.v:123: Warning: Identifier `\X8271_ZN' is implicitly declared.
COUNT_12BX2/impl.v:123: Warning: Identifier `\X8500_ZN' is implicitly declared.
COUNT_12BX2/impl.v:124: Warning: Identifier `\X432_73_ZN' is implicitly declared.
COUNT_12BX2/impl.v:125: Warning: Identifier `\X1889_ZN' is implicitly declared.
COUNT_12BX2/impl.v:125: Warning: Identifier `\X8280_ZN' is implicitly declared.
COUNT_12BX2/impl.v:126: Warning: Identifier `\X452_73_ZN' is implicitly declared.
COUNT_12BX2/impl.v:127: Warning: Identifier `\X8403_ZN' is implicitly declared.
COUNT_12BX2/impl.v:127: Warning: Identifier `\X8276_ZN' is implicitly declared.
COUNT_12BX2/impl.v:127: Warning: Identifier `\X8519_ZN' is implicitly declared.
COUNT_12BX2/impl.v:128: Warning: Identifier `\X461_73_ZN' is implicitly declared.
COUNT_12BX2/impl.v:129: Warning: Identifier `\X8259_ZN' is implicitly declared.
COUNT_12BX2/impl.v:129: Warning: Identifier `\X745_64_ZN' is implicitly declared.
COUNT_12BX2/impl.v:132: Warning: Identifier `\X568_189_ZN' is implicitly declared.
COUNT_12BX2/impl.v:133: Warning: Identifier `\X911_5_ZN' is implicitly declared.
COUNT_12BX2/impl.v:134: Warning: Identifier `\X569_189_ZN' is implicitly declared.
COUNT_12BX2/impl.v:136: Warning: Identifier `\X593_189_ZN' is implicitly declared.
COUNT_12BX2/impl.v:139: Warning: Identifier `\X8352_ZN' is implicitly declared.
COUNT_12BX2/impl.v:139: Warning: Identifier `\X622_5_ZN' is implicitly declared.
COUNT_12BX2/impl.v:140: Warning: Identifier `\X623_5_ZN' is implicitly declared.
COUNT_12BX2/impl.v:141: Warning: Identifier `\X661_189_ZN' is implicitly declared.
COUNT_12BX2/impl.v:141: Warning: Identifier `\X8559_ZN' is implicitly declared.
COUNT_12BX2/impl.v:142: Warning: Identifier `\X624_185_ZN' is implicitly declared.
COUNT_12BX2/impl.v:143: Warning: Identifier `\X8347_ZN' is implicitly declared.
COUNT_12BX2/impl.v:148: Warning: Identifier `\X8411_ZN' is implicitly declared.
COUNT_12BX2/impl.v:148: Warning: Identifier `\X8549_ZN' is implicitly declared.
COUNT_12BX2/impl.v:150: Warning: Identifier `\X8261_ZN' is implicitly declared.
COUNT_12BX2/impl.v:150: Warning: Identifier `\X8522_ZN' is implicitly declared.
COUNT_12BX2/impl.v:152: Warning: Identifier `\X8418_ZN' is implicitly declared.
COUNT_12BX2/impl.v:152: Warning: Identifier `\X8258_ZN' is implicitly declared.
COUNT_12BX2/impl.v:153: Warning: Identifier `\X634_207_ZN' is implicitly declared.
COUNT_12BX2/impl.v:156: Warning: Identifier `\X8557_ZN' is implicitly declared.
COUNT_12BX2/impl.v:157: Warning: Identifier `\X649_290_ZN' is implicitly declared.
COUNT_12BX2/impl.v:158: Warning: Identifier `\X1797_Q' is implicitly declared.
COUNT_12BX2/impl.v:158: Warning: Identifier `\X3510_ZN' is implicitly declared.
COUNT_12BX2/impl.v:161: Warning: Identifier `\X684_189_ZN' is implicitly declared.
COUNT_12BX2/impl.v:163: Warning: Identifier `\X688_189_ZN' is implicitly declared.
COUNT_12BX2/impl.v:165: Warning: Identifier `\X703_103_Z' is implicitly declared.
COUNT_12BX2/impl.v:171: Warning: Identifier `\X8351_ZN' is implicitly declared.
COUNT_12BX2/impl.v:172: Warning: Identifier `\X8353_ZN' is implicitly declared.
COUNT_12BX2/impl.v:173: Warning: Identifier `\X8349_ZN' is implicitly declared.
COUNT_12BX2/impl.v:173: Warning: Identifier `\X751_5_ZN' is implicitly declared.
COUNT_12BX2/impl.v:178: Warning: Identifier `\X3342_ZN' is implicitly declared.
COUNT_12BX2/impl.v:179: Warning: Identifier `\X8354_ZN' is implicitly declared.
COUNT_12BX2/impl.v:180: Warning: Identifier `\X8346_CO' is implicitly declared.
COUNT_12BX2/impl.v:180: Warning: Identifier `\X1661_CO' is implicitly declared.
COUNT_12BX2/impl.v:184: Warning: Identifier `\X8646_ZN' is implicitly declared.
COUNT_12BX2/impl.v:186: Warning: Identifier `\X8644_ZN' is implicitly declared.
COUNT_12BX2/impl.v:194: Warning: Identifier `\X8645_ZN' is implicitly declared.
COUNT_12BX2/impl.v:196: Warning: Identifier `\X8647_ZN' is implicitly declared.
COUNT_12BX2/impl.v:197: Warning: Identifier `\X1801_Q' is implicitly declared.
COUNT_12BX2/impl.v:200: Warning: Identifier `\X8655_ZN' is implicitly declared.
COUNT_12BX2/impl.v:201: Warning: Identifier `\X1803_Q' is implicitly declared.
COUNT_12BX2/impl.v:206: Warning: Identifier `\X8648_ZN' is implicitly declared.
COUNT_12BX2/impl.v:208: Warning: Identifier `\X8640_ZN' is implicitly declared.
COUNT_12BX2/impl.v:210: Warning: Identifier `\X1890_Z' is implicitly declared.
COUNT_12BX2/impl.v:210: Warning: Identifier `\X8621_Z' is implicitly declared.
COUNT_12BX2/impl.v:212: Warning: Identifier `\X1891_CO' is implicitly declared.
COUNT_12BX2/impl.v:214: Warning: Identifier `\X8637_CO' is implicitly declared.
COUNT_12BX2/impl.v:218: Warning: Identifier `\X8634_CO' is implicitly declared.
COUNT_12BX2/impl.v:221: Warning: Identifier `\X2503_Z' is implicitly declared.
COUNT_12BX2/impl.v:223: Warning: Identifier `\X2504_Z' is implicitly declared.
COUNT_12BX2/impl.v:225: Warning: Identifier `\X2505_Z' is implicitly declared.
COUNT_12BX2/impl.v:227: Warning: Identifier `\X2506_Z' is implicitly declared.
COUNT_12BX2/impl.v:232: Warning: Identifier `\X8627_CO' is implicitly declared.
COUNT_12BX2/impl.v:235: Warning: Identifier `\X3384_Z' is implicitly declared.
COUNT_12BX2/impl.v:236: Warning: Identifier `\X8405_ZN' is implicitly declared.
COUNT_12BX2/impl.v:236: Warning: Identifier `\X8277_ZN' is implicitly declared.
COUNT_12BX2/impl.v:236: Warning: Identifier `\X8511_ZN' is implicitly declared.
COUNT_12BX2/impl.v:238: Warning: Identifier `\X8348_ZN' is implicitly declared.
COUNT_12BX2/impl.v:239: Warning: Identifier `\X8355_ZN' is implicitly declared.
COUNT_12BX2/impl.v:247: Warning: Identifier `\X8267_ZN' is implicitly declared.
COUNT_12BX2/impl.v:248: Warning: Identifier `\X8631_CO' is implicitly declared.
COUNT_12BX2/impl.v:249: Warning: Identifier `\X8269_ZN' is implicitly declared.
COUNT_12BX2/impl.v:251: Warning: Identifier `\X8270_ZN' is implicitly declared.
COUNT_12BX2/impl.v:255: Warning: Identifier `\X8274_ZN' is implicitly declared.
COUNT_12BX2/impl.v:263: Warning: Identifier `\X8278_ZN' is implicitly declared.
COUNT_12BX2/impl.v:268: Warning: Identifier `\X8340_CO' is implicitly declared.
COUNT_12BX2/impl.v:269: Warning: Identifier `\X8294_Z' is implicitly declared.
COUNT_12BX2/impl.v:270: Warning: Identifier `\X8330_CO' is implicitly declared.
COUNT_12BX2/impl.v:275: Warning: Identifier `\X8341_SUM' is implicitly declared.
COUNT_12BX2/impl.v:276: Warning: Identifier `\X8343_CO' is implicitly declared.
COUNT_12BX2/impl.v:276: Warning: Identifier `\X8342_CO' is implicitly declared.
COUNT_12BX2/impl.v:277: Warning: Identifier `\X8342_SUM' is implicitly declared.
COUNT_12BX2/impl.v:280: Warning: Identifier `\X8344_CO' is implicitly declared.
COUNT_12BX2/impl.v:281: Warning: Identifier `\X8344_SUM' is implicitly declared.
COUNT_12BX2/impl.v:283: Warning: Identifier `\X8346_SUM' is implicitly declared.
COUNT_12BX2/impl.v:294: Warning: Identifier `\X8629_CO' is implicitly declared.
COUNT_12BX2/impl.v:298: Warning: Identifier `\X8632_CO' is implicitly declared.
COUNT_12BX2/impl.v:304: Warning: Identifier `\X8613_Z' is implicitly declared.
COUNT_12BX2/impl.v:304: Warning: Identifier `\X8615_Z' is implicitly declared.
COUNT_12BX2/impl.v:306: Warning: Identifier `\X8614_Z' is implicitly declared.
COUNT_12BX2/impl.v:308: Warning: Identifier `\X8630_CO' is implicitly declared.
COUNT_12BX2/impl.v:309: Warning: Identifier `\X8409_ZN' is implicitly declared.
COUNT_12BX2/impl.v:312: Warning: Identifier `\X8620_Z' is implicitly declared.
COUNT_12BX2/impl.v:312: Warning: Identifier `\X8623_Z' is implicitly declared.
COUNT_12BX2/impl.v:314: Warning: Identifier `\X8622_Z' is implicitly declared.
COUNT_12BX2/impl.v:314: Warning: Identifier `\X8624_Z' is implicitly declared.
COUNT_12BX2/impl.v:315: Warning: Identifier `\X8419_ZN' is implicitly declared.
COUNT_12BX2/impl.v:319: Warning: Identifier `\X8510_ZN' is implicitly declared.
COUNT_12BX2/impl.v:323: Warning: Identifier `\X8514_ZN' is implicitly declared.
COUNT_12BX2/impl.v:324: Warning: Identifier `\X8515_ZN' is implicitly declared.
COUNT_12BX2/impl.v:326: Warning: Identifier `\X8517_ZN' is implicitly declared.
COUNT_12BX2/impl.v:334: Warning: Identifier `\X8527_ZN' is implicitly declared.
COUNT_12BX2/impl.v:335: Warning: Identifier `\X8531_ZN' is implicitly declared.
COUNT_12BX2/impl.v:337: Warning: Identifier `\X8543_ZN' is implicitly declared.
COUNT_12BX2/impl.v:357: Warning: Identifier `\X8635_CO' is implicitly declared.
COUNT_12BX2/impl.v:365: Warning: Identifier `\X8626_CO' is implicitly declared.
COUNT_12BX2/impl.v:373: Warning: Identifier `\X8628_CO' is implicitly declared.
Successfully finished Verilog frontend.

3. Executing PREP pass.

3.1. Executing HIERARCHY pass (managing design hierarchy).

3.1.1. Analyzing design hierarchy..
Top module:  \COUNT_12BX2
Used module:     \SC_OAI211_90_E60
Used module:     \SC_CARRY_140_80
Used module:     \SC_XOR3_E140_90
Used module:     \SC_AO22_140_80
Used module:     \SC_NAND2_70_40
Used module:     \SC_OAI22_100_E80
Used module:     \SC_XNOR3_140_E90
Used module:     \SC_HADD_140_80
Used module:     \SC_XOR2_E120_70
Used module:     \SC_AOI22_E100_60
Used module:     \SC_INV_140_60
Used module:     \SC_MFC_140_80
Used module:     \SC_AND2_50_30

3.1.2. Analyzing design hierarchy..
Top module:  \COUNT_12BX2
Used module:     \SC_OAI211_90_E60
Used module:     \SC_CARRY_140_80
Used module:     \SC_XOR3_E140_90
Used module:     \SC_AO22_140_80
Used module:     \SC_NAND2_70_40
Used module:     \SC_OAI22_100_E80
Used module:     \SC_XNOR3_140_E90
Used module:     \SC_HADD_140_80
Used module:     \SC_XOR2_E120_70
Used module:     \SC_AOI22_E100_60
Used module:     \SC_INV_140_60
Used module:     \SC_MFC_140_80
Used module:     \SC_AND2_50_30
Removing unused module `\SC_XOR2_140_80'.
Removing unused module `\SC_XNOR2_E120_E70'.
Removing unused module `\SC_REGCELL_140_90S1'.
Removing unused module `\SC_REGCELL_140_90'.
Removing unused module `\SC_OR4_140_90'.
Removing unused module `\SC_OR4B1_140_90'.
Removing unused module `\SC_OR3_140_80'.
Removing unused module `\SC_OR2_140_90D4'.
Removing unused module `\SC_OR2_140_90D2'.
Removing unused module `\SC_OR2_140_80'.
Removing unused module `\SC_OR2_100_90'.
Removing unused module `\SC_OR2_30_30'.
Removing unused module `\SC_OR2B2_140_90D4'.
Removing unused module `\SC_OAO112_140_80'.
Removing unused module `\SC_OAI12_100_E80'.
Removing unused module `\SC_OA211_140_80'.
Removing unused module `\SC_OA122_140_80'.
Removing unused module `\SC_OA22_140_80'.
Removing unused module `\SC_OA13_140_80'.
Removing unused module `\SC_OA12_140_90D2'.
Removing unused module `\SC_OA12_140_80'.
Removing unused module `\SC_NOR4B34_130_80'.
Removing unused module `\SC_NOR3_130_70'.
Removing unused module `\SC_NOR3_100_30'.
Removing unused module `\SC_NOR3_30_30'.
Removing unused module `\SC_NOR3B3_130_80'.
Removing unused module `\SC_NOR3B3_100_30'.
Removing unused module `\SC_NOR2_140_90D2'.
Removing unused module `\SC_NOR2_140_90'.
Removing unused module `\SC_NOR2_140_70'.
Removing unused module `\SC_NOR2_100_90'.
Removing unused module `\SC_NOR2_100_30'.
Removing unused module `\SC_NOR2_30_30'.
Removing unused module `\SC_NOR2B2_140_70'.
Removing unused module `\SC_NOR2B2_120_70'.
Removing unused module `\SC_NAND4_120_90'.
Removing unused module `\SC_NAND4B34_120_90S1'.
Removing unused module `\SC_NAND4B34_120_90'.
Removing unused module `\SC_NAND4B1_100_90'.
Removing unused module `\SC_NAND3_140_90D4'.
Removing unused module `\SC_NAND3_120_100'.
Removing unused module `\SC_NAND3_50_40'.
Removing unused module `\SC_NAND3B12_140_90'.
Removing unused module `\SC_NAND3B3_120_90'.
Removing unused module `\SC_NAND2_140_90D2'.
Removing unused module `\SC_NAND2_140_90'.
Removing unused module `\SC_NAND2_140X3_80'.
Removing unused module `\SC_NAND2_140X2_90'.
Removing unused module `\SC_NAND2_100_90'.
Removing unused module `\SC_NAND2_30_30'.
Removing unused module `\SC_NAND2B12_140_80'.
Removing unused module `\SC_NAND2B2_140_90'.
Removing unused module `\SC_NAND2B2_140X2_90'.
Removing unused module `\SC_NAND2B1_140_90'.
Removing unused module `\SC_NAND2B1_30_30'.
Removing unused module `\SC_MX21_140_90D2'.
Removing unused module `\SC_MX21_140_90'.
Removing unused module `\SC_MX21_140_80'.
Removing unused module `\SC_MX21_100_50'.
Removing unused module `\SC_MFS_140_80'.
Removing unused module `\SC_MFC_140_90D4'.
Removing unused module `\SC_MFC_140_80S1'.
Removing unused module `\SC_MFB_140_80'.
Removing unused module `\SC_LAS_140_80'.
Removing unused module `\SC_LAC_140_80S1'.
Removing unused module `\SC_LAC_140_80'.
Removing unused module `\SC_INV_140_100D4'.
Removing unused module `\SC_INV_140_100D3'.
Removing unused module `\SC_INV_140_100D2'.
Removing unused module `\SC_INV_140_100'.
Removing unused module `\SC_INV_100_90D2'.
Removing unused module `\SC_INV_100_90'.
Removing unused module `\SC_INV_100_50'.
Removing unused module `\SC_INV_50_30'.
Removing unused module `\SC_FNCLOCKGATING_140_80'.
Removing unused module `\SC_DFS_140_90'.
Removing unused module `\SC_DFC_140_90'.
Removing unused module `\SC_DFB_140_90'.
Removing unused module `\SC_BUF_140_100D8'.
Removing unused module `\SC_BUF_140_100D4'.
Removing unused module `\SC_BUF_140_100D3'.
Removing unused module `\SC_BUF_140_100D2'.
Removing unused module `\SC_BUF_140_100'.
Removing unused module `\SC_BUF_140_60'.
Removing unused module `\SC_BUF_140X2_100'.
Removing unused module `\SC_BUF_130_80S1'.
Removing unused module `\SC_BUF_130_80'.
Removing unused module `\SC_BUF_100_90D4'.
Removing unused module `\SC_BUF_100_90'.
Removing unused module `\SC_BUF_100_50'.
Removing unused module `\SC_BUF_40_30'.
Removing unused module `\SC_AOI112_E100_70'.
Removing unused module `\SC_AOI12_E100_70'.
Removing unused module `\SC_AOI12_140_90D2'.
Removing unused module `\SC_AOA112_140_80'.
Removing unused module `\SC_AO122_140_80'.
Removing unused module `\SC_AO112_140_90D4'.
Removing unused module `\SC_AO112_140_90D2'.
Removing unused module `\SC_AO112_140_80'.
Removing unused module `\SC_AO22_140_90D2'.
Removing unused module `\SC_AO13_140_80'.
Removing unused module `\SC_AO12_140_80'.
Removing unused module `\SC_AND4_140_80'.
Removing unused module `\SC_AND4B34_140_80'.
Removing unused module `\SC_AND4B1_140_70'.
Removing unused module `\SC_AND3_140_80'.
Removing unused module `\SC_AND3_50_30'.
Removing unused module `\SC_AND3B12_140_90D4'.
Removing unused module `\SC_AND3B1_130_80'.
Removing unused module `\SC_AND3B1_120_70'.
Removing unused module `\SC_AND2_140_90D4'.
Removing unused module `\SC_AND2_140_90D2'.
Removing unused module `\SC_AND2_140_80'.
Removing unused module `\SC_AND2_100_90'.
Removing unused module `\SC_AND2_100_40'.
Removing unused module `\SC_AND2B2_140_90D4'.
Removing unused module `\SC_AND2B2_140_90D2'.
Removed 117 unused modules.

3.2. Executing PROC pass (convert processes to netlists).

3.2.1. Executing PROC_CLEAN pass (remove empty switches from decision trees).
Cleaned up 0 empty switches.

3.2.2. Executing PROC_RMDEAD pass (remove dead branches from decision trees).
Marked 1 switch rules as full_case in process $proc$COUNT_12BX2/SC_LIB_SCH.v:1203$121 in module SC_MFC_140_80.
Removed a total of 0 dead cases.

3.2.3. Executing PROC_INIT pass (extract init attributes).

3.2.4. Executing PROC_ARST pass (detect async resets in processes).
Found async reset \CDN in `\SC_MFC_140_80.$proc$COUNT_12BX2/SC_LIB_SCH.v:1203$121'.

3.2.5. Executing PROC_MUX pass (convert decision trees to multiplexers).
Creating decoders for process `\SC_MFC_140_80.$proc$COUNT_12BX2/SC_LIB_SCH.v:1203$121'.
     1/1: $0\Q_reg[0:0]

3.2.6. Executing PROC_DLATCH pass (convert process syncs to latches).

3.2.7. Executing PROC_DFF pass (convert process syncs to FFs).
Creating register for signal `\SC_MFC_140_80.\Q_reg' using process `\SC_MFC_140_80.$proc$COUNT_12BX2/SC_LIB_SCH.v:1203$121'.
  created $adff cell `$procdff$328' with positive edge clock and negative level reset.

3.2.8. Executing PROC_CLEAN pass (remove empty switches from decision trees).
Removing empty process `SC_MFC_140_80.$proc$COUNT_12BX2/SC_LIB_SCH.v:1203$121'.
Cleaned up 0 empty switches.

3.3. Executing OPT_EXPR pass (perform const folding).
Optimizing module SC_XOR2_E120_70.
Optimizing module COUNT_12BX2.
Optimizing module SC_HADD_140_80.
Optimizing module SC_XNOR3_140_E90.
Optimizing module SC_XOR3_E140_90.
Optimizing module SC_OAI211_90_E60.
Optimizing module SC_MFC_140_80.
Optimizing module SC_CARRY_140_80.
Optimizing module SC_AO22_140_80.
Optimizing module SC_INV_140_60.
Optimizing module SC_NAND2_70_40.
Optimizing module SC_AND2_50_30.
Optimizing module SC_OAI22_100_E80.
Optimizing module SC_AOI22_E100_60.

3.4. Executing OPT_CLEAN pass (remove unused cells and wires).
Finding unused cells or wires in module \SC_XOR2_E120_70..
Finding unused cells or wires in module \COUNT_12BX2..
Finding unused cells or wires in module \SC_HADD_140_80..
Finding unused cells or wires in module \SC_XNOR3_140_E90..
Finding unused cells or wires in module \SC_XOR3_E140_90..
Finding unused cells or wires in module \SC_OAI211_90_E60..
Finding unused cells or wires in module \SC_MFC_140_80..
Finding unused cells or wires in module \SC_CARRY_140_80..
Finding unused cells or wires in module \SC_AO22_140_80..
Finding unused cells or wires in module \SC_INV_140_60..
Finding unused cells or wires in module \SC_NAND2_70_40..
Finding unused cells or wires in module \SC_AND2_50_30..
Finding unused cells or wires in module \SC_OAI22_100_E80..
Finding unused cells or wires in module \SC_AOI22_E100_60..
Removed 1 unused cells and 16 unused wires.
<suppressed ~14 debug messages>

3.5. Executing CHECK pass (checking for obvious problems).
checking module COUNT_12BX2..
checking module SC_AND2_50_30..
checking module SC_AO22_140_80..
checking module SC_AOI22_E100_60..
checking module SC_CARRY_140_80..
checking module SC_HADD_140_80..
checking module SC_INV_140_60..
checking module SC_MFC_140_80..
checking module SC_NAND2_70_40..
checking module SC_OAI211_90_E60..
checking module SC_OAI22_100_E80..
checking module SC_XNOR3_140_E90..
checking module SC_XOR2_E120_70..
checking module SC_XOR3_E140_90..
found and reported 0 problems.

3.6. Executing OPT pass (performing simple optimizations).

3.6.1. Executing OPT_EXPR pass (perform const folding).
Optimizing module COUNT_12BX2.
Optimizing module SC_AND2_50_30.
Optimizing module SC_AO22_140_80.
Optimizing module SC_AOI22_E100_60.
Optimizing module SC_CARRY_140_80.
Optimizing module SC_HADD_140_80.
Optimizing module SC_INV_140_60.
Optimizing module SC_MFC_140_80.
Optimizing module SC_NAND2_70_40.
Optimizing module SC_OAI211_90_E60.
Optimizing module SC_OAI22_100_E80.
Optimizing module SC_XNOR3_140_E90.
Optimizing module SC_XOR2_E120_70.
Optimizing module SC_XOR3_E140_90.

3.6.2. Executing OPT_MERGE pass (detect identical cells).
Finding identical cells in module `\COUNT_12BX2'.
Finding identical cells in module `\SC_AND2_50_30'.
Finding identical cells in module `\SC_AO22_140_80'.
Finding identical cells in module `\SC_AOI22_E100_60'.
Finding identical cells in module `\SC_CARRY_140_80'.
Finding identical cells in module `\SC_HADD_140_80'.
<suppressed ~3 debug messages>
Finding identical cells in module `\SC_INV_140_60'.
Finding identical cells in module `\SC_MFC_140_80'.
Finding identical cells in module `\SC_NAND2_70_40'.
Finding identical cells in module `\SC_OAI211_90_E60'.
Finding identical cells in module `\SC_OAI22_100_E80'.
Finding identical cells in module `\SC_XNOR3_140_E90'.
Finding identical cells in module `\SC_XOR2_E120_70'.
Finding identical cells in module `\SC_XOR3_E140_90'.
Removed a total of 1 cells.

3.6.3. Executing OPT_MUXTREE pass (detect dead branches in mux trees).
Running muxtree optimizer on module \COUNT_12BX2..
  Creating internal representation of mux trees.
  No muxes found in this module.
Running muxtree optimizer on module \SC_AND2_50_30..
  Creating internal representation of mux trees.
  No muxes found in this module.
Running muxtree optimizer on module \SC_AO22_140_80..
  Creating internal representation of mux trees.
  No muxes found in this module.
Running muxtree optimizer on module \SC_AOI22_E100_60..
  Creating internal representation of mux trees.
  No muxes found in this module.
Running muxtree optimizer on module \SC_CARRY_140_80..
  Creating internal representation of mux trees.
  No muxes found in this module.
Running muxtree optimizer on module \SC_HADD_140_80..
  Creating internal representation of mux trees.
  No muxes found in this module.
Running muxtree optimizer on module \SC_INV_140_60..
  Creating internal representation of mux trees.
  No muxes found in this module.
Running muxtree optimizer on module \SC_MFC_140_80..
  Creating internal representation of mux trees.
  Evaluating internal representation of mux trees.
  Analyzing evaluation results.
Running muxtree optimizer on module \SC_NAND2_70_40..
  Creating internal representation of mux trees.
  No muxes found in this module.
Running muxtree optimizer on module \SC_OAI211_90_E60..
  Creating internal representation of mux trees.
  No muxes found in this module.
Running muxtree optimizer on module \SC_OAI22_100_E80..
  Creating internal representation of mux trees.
  No muxes found in this module.
Running muxtree optimizer on module \SC_XNOR3_140_E90..
  Creating internal representation of mux trees.
  No muxes found in this module.
Running muxtree optimizer on module \SC_XOR2_E120_70..
  Creating internal representation of mux trees.
  No muxes found in this module.
Running muxtree optimizer on module \SC_XOR3_E140_90..
  Creating internal representation of mux trees.
  No muxes found in this module.
Removed 0 multiplexer ports.
<suppressed ~1 debug messages>

3.6.4. Executing OPT_REDUCE pass (consolidate $*mux and $reduce_* inputs).
  Optimizing cells in module \COUNT_12BX2.
  Optimizing cells in module \SC_AND2_50_30.
  Optimizing cells in module \SC_AO22_140_80.
  Optimizing cells in module \SC_AOI22_E100_60.
  Optimizing cells in module \SC_CARRY_140_80.
  Optimizing cells in module \SC_HADD_140_80.
  Optimizing cells in module \SC_INV_140_60.
  Optimizing cells in module \SC_MFC_140_80.
  Optimizing cells in module \SC_NAND2_70_40.
  Optimizing cells in module \SC_OAI211_90_E60.
  Optimizing cells in module \SC_OAI22_100_E80.
  Optimizing cells in module \SC_XNOR3_140_E90.
  Optimizing cells in module \SC_XOR2_E120_70.
  Optimizing cells in module \SC_XOR3_E140_90.
Performed a total of 0 changes.

3.6.5. Executing OPT_MERGE pass (detect identical cells).
Finding identical cells in module `\COUNT_12BX2'.
Finding identical cells in module `\SC_AND2_50_30'.
Finding identical cells in module `\SC_AO22_140_80'.
Finding identical cells in module `\SC_AOI22_E100_60'.
Finding identical cells in module `\SC_CARRY_140_80'.
Finding identical cells in module `\SC_HADD_140_80'.
Finding identical cells in module `\SC_INV_140_60'.
Finding identical cells in module `\SC_MFC_140_80'.
Finding identical cells in module `\SC_NAND2_70_40'.
Finding identical cells in module `\SC_OAI211_90_E60'.
Finding identical cells in module `\SC_OAI22_100_E80'.
Finding identical cells in module `\SC_XNOR3_140_E90'.
Finding identical cells in module `\SC_XOR2_E120_70'.
Finding identical cells in module `\SC_XOR3_E140_90'.
Removed a total of 0 cells.

3.6.6. Executing OPT_RMDFF pass (remove dff with constant values).

3.6.7. Executing OPT_CLEAN pass (remove unused cells and wires).
Finding unused cells or wires in module \COUNT_12BX2..
Finding unused cells or wires in module \SC_AND2_50_30..
Finding unused cells or wires in module \SC_AO22_140_80..
Finding unused cells or wires in module \SC_AOI22_E100_60..
Finding unused cells or wires in module \SC_CARRY_140_80..
Finding unused cells or wires in module \SC_HADD_140_80..
Finding unused cells or wires in module \SC_INV_140_60..
Finding unused cells or wires in module \SC_MFC_140_80..
Finding unused cells or wires in module \SC_NAND2_70_40..
Finding unused cells or wires in module \SC_OAI211_90_E60..
Finding unused cells or wires in module \SC_OAI22_100_E80..
Finding unused cells or wires in module \SC_XNOR3_140_E90..
Finding unused cells or wires in module \SC_XOR2_E120_70..
Finding unused cells or wires in module \SC_XOR3_E140_90..
Removed 0 unused cells and 1 unused wires.
<suppressed ~1 debug messages>

3.6.8. Executing OPT_EXPR pass (perform const folding).
Optimizing module COUNT_12BX2.
Optimizing module SC_AND2_50_30.
Optimizing module SC_AO22_140_80.
Optimizing module SC_AOI22_E100_60.
Optimizing module SC_CARRY_140_80.
Optimizing module SC_HADD_140_80.
Optimizing module SC_INV_140_60.
Optimizing module SC_MFC_140_80.
Optimizing module SC_NAND2_70_40.
Optimizing module SC_OAI211_90_E60.
Optimizing module SC_OAI22_100_E80.
Optimizing module SC_XNOR3_140_E90.
Optimizing module SC_XOR2_E120_70.
Optimizing module SC_XOR3_E140_90.

3.6.9. Finished OPT passes. (There is nothing left to do.)

3.7. Executing WREDUCE pass (reducing word size of cells).

3.8. Executing MEMORY_DFF pass (merging $dff cells to $memrd and $memwr).

3.9. Executing OPT_CLEAN pass (remove unused cells and wires).
Finding unused cells or wires in module \COUNT_12BX2..
Finding unused cells or wires in module \SC_AND2_50_30..
Finding unused cells or wires in module \SC_AO22_140_80..
Finding unused cells or wires in module \SC_AOI22_E100_60..
Finding unused cells or wires in module \SC_CARRY_140_80..
Finding unused cells or wires in module \SC_HADD_140_80..
Finding unused cells or wires in module \SC_INV_140_60..
Finding unused cells or wires in module \SC_MFC_140_80..
Finding unused cells or wires in module \SC_NAND2_70_40..
Finding unused cells or wires in module \SC_OAI211_90_E60..
Finding unused cells or wires in module \SC_OAI22_100_E80..
Finding unused cells or wires in module \SC_XNOR3_140_E90..
Finding unused cells or wires in module \SC_XOR2_E120_70..
Finding unused cells or wires in module \SC_XOR3_E140_90..

3.10. Executing MEMORY_COLLECT pass (generating $mem cells).

3.11. Executing OPT pass (performing simple optimizations).

3.11.1. Executing OPT_EXPR pass (perform const folding).
Optimizing module COUNT_12BX2.
Optimizing module SC_AND2_50_30.
Optimizing module SC_AO22_140_80.
Optimizing module SC_AOI22_E100_60.
Optimizing module SC_CARRY_140_80.
Optimizing module SC_HADD_140_80.
Optimizing module SC_INV_140_60.
Optimizing module SC_MFC_140_80.
Optimizing module SC_NAND2_70_40.
Optimizing module SC_OAI211_90_E60.
Optimizing module SC_OAI22_100_E80.
Optimizing module SC_XNOR3_140_E90.
Optimizing module SC_XOR2_E120_70.
Optimizing module SC_XOR3_E140_90.

3.11.2. Executing OPT_MERGE pass (detect identical cells).
Finding identical cells in module `\COUNT_12BX2'.
Finding identical cells in module `\SC_AND2_50_30'.
Finding identical cells in module `\SC_AO22_140_80'.
Finding identical cells in module `\SC_AOI22_E100_60'.
Finding identical cells in module `\SC_CARRY_140_80'.
Finding identical cells in module `\SC_HADD_140_80'.
Finding identical cells in module `\SC_INV_140_60'.
Finding identical cells in module `\SC_MFC_140_80'.
Finding identical cells in module `\SC_NAND2_70_40'.
Finding identical cells in module `\SC_OAI211_90_E60'.
Finding identical cells in module `\SC_OAI22_100_E80'.
Finding identical cells in module `\SC_XNOR3_140_E90'.
Finding identical cells in module `\SC_XOR2_E120_70'.
Finding identical cells in module `\SC_XOR3_E140_90'.
Removed a total of 0 cells.

3.11.3. Executing OPT_RMDFF pass (remove dff with constant values).

3.11.4. Executing OPT_CLEAN pass (remove unused cells and wires).
Finding unused cells or wires in module \COUNT_12BX2..
Finding unused cells or wires in module \SC_AND2_50_30..
Finding unused cells or wires in module \SC_AO22_140_80..
Finding unused cells or wires in module \SC_AOI22_E100_60..
Finding unused cells or wires in module \SC_CARRY_140_80..
Finding unused cells or wires in module \SC_HADD_140_80..
Finding unused cells or wires in module \SC_INV_140_60..
Finding unused cells or wires in module \SC_MFC_140_80..
Finding unused cells or wires in module \SC_NAND2_70_40..
Finding unused cells or wires in module \SC_OAI211_90_E60..
Finding unused cells or wires in module \SC_OAI22_100_E80..
Finding unused cells or wires in module \SC_XNOR3_140_E90..
Finding unused cells or wires in module \SC_XOR2_E120_70..
Finding unused cells or wires in module \SC_XOR3_E140_90..

3.11.5. Finished fast OPT passes.

3.12. Printing statistics.

=== COUNT_12BX2 ===

   Number of wires:                221
   Number of wire bits:            240
   Number of public wires:         221
   Number of public wire bits:     240
   Number of memories:               0
   Number of memory bits:            0
   Number of processes:              0
   Number of cells:                196
     SC_AND2_50_30                   2
     SC_AO22_140_80                 11
     SC_AOI22_E100_60               22
     SC_CARRY_140_80                30
     SC_HADD_140_80                 11
     SC_INV_140_60                  12
     SC_MFC_140_80                  22
     SC_NAND2_70_40                 22
     SC_OAI211_90_E60               22
     SC_OAI22_100_E80               11
     SC_XNOR3_140_E90               10
     SC_XOR2_E120_70                 1
     SC_XOR3_E140_90                20

=== SC_AND2_50_30 ===

   Number of wires:                  5
   Number of wire bits:              5
   Number of public wires:           5
   Number of public wire bits:       5
   Number of memories:               0
   Number of memory bits:            0
   Number of processes:              0
   Number of cells:                  1
     $and                            1

=== SC_AO22_140_80 ===

   Number of wires:                  9
   Number of wire bits:              9
   Number of public wires:           7
   Number of public wire bits:       7
   Number of memories:               0
   Number of memory bits:            0
   Number of processes:              0
   Number of cells:                  3
     $and                            2
     $or                             1

=== SC_AOI22_E100_60 ===

   Number of wires:                 10
   Number of wire bits:             10
   Number of public wires:           7
   Number of public wire bits:       7
   Number of memories:               0
   Number of memory bits:            0
   Number of processes:              0
   Number of cells:                  4
     $and                            2
     $not                            1
     $or                             1

=== SC_CARRY_140_80 ===

   Number of wires:                 10
   Number of wire bits:             10
   Number of public wires:           6
   Number of public wire bits:       6
   Number of memories:               0
   Number of memory bits:            0
   Number of processes:              0
   Number of cells:                  5
     $and                            3
     $or                             2

=== SC_HADD_140_80 ===

   Number of wires:                  8
   Number of wire bits:              8
   Number of public wires:           6
   Number of public wire bits:       6
   Number of memories:               0
   Number of memory bits:            0
   Number of processes:              0
   Number of cells:                  4
     $and                            2
     $not                            1
     $or                             1

=== SC_INV_140_60 ===

   Number of wires:                  4
   Number of wire bits:              4
   Number of public wires:           4
   Number of public wire bits:       4
   Number of memories:               0
   Number of memory bits:            0
   Number of processes:              0
   Number of cells:                  1
     $not                            1

=== SC_MFC_140_80 ===

   Number of wires:                 10
   Number of wire bits:             10
   Number of public wires:          10
   Number of public wire bits:      10
   Number of memories:               0
   Number of memory bits:            0
   Number of processes:              0
   Number of cells:                  2
     $adff                           1
     $mux                            1

=== SC_NAND2_70_40 ===

   Number of wires:                  6
   Number of wire bits:              6
   Number of public wires:           5
   Number of public wire bits:       5
   Number of memories:               0
   Number of memory bits:            0
   Number of processes:              0
   Number of cells:                  2
     $and                            1
     $not                            1

=== SC_OAI211_90_E60 ===

   Number of wires:                 10
   Number of wire bits:             10
   Number of public wires:           7
   Number of public wire bits:       7
   Number of memories:               0
   Number of memory bits:            0
   Number of processes:              0
   Number of cells:                  4
     $and                            2
     $not                            1
     $or                             1

=== SC_OAI22_100_E80 ===

   Number of wires:                 10
   Number of wire bits:             10
   Number of public wires:           7
   Number of public wire bits:       7
   Number of memories:               0
   Number of memory bits:            0
   Number of processes:              0
   Number of cells:                  4
     $and                            1
     $not                            1
     $or                             2

=== SC_XNOR3_140_E90 ===

   Number of wires:                  8
   Number of wire bits:              8
   Number of public wires:           6
   Number of public wire bits:       6
   Number of memories:               0
   Number of memory bits:            0
   Number of processes:              0
   Number of cells:                  3
     $not                            1
     $xor                            2

=== SC_XOR2_E120_70 ===

   Number of wires:                  5
   Number of wire bits:              5
   Number of public wires:           5
   Number of public wire bits:       5
   Number of memories:               0
   Number of memory bits:            0
   Number of processes:              0
   Number of cells:                  1
     $xor                            1

=== SC_XOR3_E140_90 ===

   Number of wires:                  7
   Number of wire bits:              7
   Number of public wires:           6
   Number of public wire bits:       6
   Number of memories:               0
   Number of memory bits:            0
   Number of processes:              0
   Number of cells:                  2
     $xor                            2

=== design hierarchy ===

   COUNT_12BX2                       1
     SC_AND2_50_30                   2
     SC_AO22_140_80                 11
     SC_AOI22_E100_60               22
     SC_CARRY_140_80                30
     SC_HADD_140_80                 11
     SC_INV_140_60                  12
     SC_MFC_140_80                  22
     SC_NAND2_70_40                 22
     SC_OAI211_90_E60               22
     SC_OAI22_100_E80               11
     SC_XNOR3_140_E90               10
     SC_XOR2_E120_70                 1
     SC_XOR3_E140_90                20

   Number of wires:               1893
   Number of wire bits:           1912
   Number of public wires:        1502
   Number of public wire bits:    1521
   Number of memories:               0
   Number of memory bits:            0
   Number of processes:              0
   Number of cells:                620
     $adff                          22
     $and                          257
     $mux                           22
     $not                          110
     $or                           148
     $xor                           61

3.13. Executing CHECK pass (checking for obvious problems).
checking module COUNT_12BX2..
checking module SC_AND2_50_30..
checking module SC_AO22_140_80..
checking module SC_AOI22_E100_60..
checking module SC_CARRY_140_80..
checking module SC_HADD_140_80..
checking module SC_INV_140_60..
checking module SC_MFC_140_80..
checking module SC_NAND2_70_40..
checking module SC_OAI211_90_E60..
checking module SC_OAI22_100_E80..
checking module SC_XNOR3_140_E90..
checking module SC_XOR2_E120_70..
checking module SC_XOR3_E140_90..
found and reported 0 problems.

4. Executing FLATTEN pass (flatten design).
Using template SC_NAND2_70_40 for cells of type SC_NAND2_70_40.
Using template SC_INV_140_60 for cells of type SC_INV_140_60.
Using template SC_XNOR3_140_E90 for cells of type SC_XNOR3_140_E90.
Using template SC_HADD_140_80 for cells of type SC_HADD_140_80.
Using template SC_AO22_140_80 for cells of type SC_AO22_140_80.
Using template SC_AND2_50_30 for cells of type SC_AND2_50_30.
Using template SC_XOR3_E140_90 for cells of type SC_XOR3_E140_90.
Using template SC_OAI22_100_E80 for cells of type SC_OAI22_100_E80.
Using template SC_AOI22_E100_60 for cells of type SC_AOI22_E100_60.
Using template SC_OAI211_90_E60 for cells of type SC_OAI211_90_E60.
Using template SC_MFC_140_80 for cells of type SC_MFC_140_80.
Using template SC_CARRY_140_80 for cells of type SC_CARRY_140_80.
Using template SC_XOR2_E120_70 for cells of type SC_XOR2_E120_70.
<suppressed ~196 debug messages>
No more expansions possible.
Deleting now unused module SC_AND2_50_30.
Deleting now unused module SC_AO22_140_80.
Deleting now unused module SC_AOI22_E100_60.
Deleting now unused module SC_CARRY_140_80.
Deleting now unused module SC_HADD_140_80.
Deleting now unused module SC_INV_140_60.
Deleting now unused module SC_MFC_140_80.
Deleting now unused module SC_NAND2_70_40.
Deleting now unused module SC_OAI211_90_E60.
Deleting now unused module SC_OAI22_100_E80.
Deleting now unused module SC_XNOR3_140_E90.
Deleting now unused module SC_XOR2_E120_70.
Deleting now unused module SC_XOR3_E140_90.

5. Executing ASYNC2SYNC pass.
Replacing COUNT_12BX2.$techmap\X0_335.$procdff$328 ($adff): ARST=\X0_335.CDN, D=\X0_335.D, Q=\X0_335.Q_reg
Replacing COUNT_12BX2.$techmap\X0_1625.$procdff$328 ($adff): ARST=\X0_1625.CDN, D=\X0_1625.D, Q=\X0_1625.Q_reg
Replacing COUNT_12BX2.$techmap\X0_1626.$procdff$328 ($adff): ARST=\X0_1626.CDN, D=\X0_1626.D, Q=\X0_1626.Q_reg
Replacing COUNT_12BX2.$techmap\X1805.$procdff$328 ($adff): ARST=\X1805.CDN, D=\X1805.D, Q=\X1805.Q_reg
Replacing COUNT_12BX2.$techmap\X1806.$procdff$328 ($adff): ARST=\X1806.CDN, D=\X1806.D, Q=\X1806.Q_reg
Replacing COUNT_12BX2.$techmap\X1801.$procdff$328 ($adff): ARST=\X1801.CDN, D=\X1801.D, Q=\X1801.Q_reg
Replacing COUNT_12BX2.$techmap\X57_10.$procdff$328 ($adff): ARST=\X57_10.CDN, D=\X57_10.D, Q=\X57_10.Q_reg
Replacing COUNT_12BX2.$techmap\X1795.$procdff$328 ($adff): ARST=\X1795.CDN, D=\X1795.D, Q=\X1795.Q_reg
Replacing COUNT_12BX2.$techmap\X1798.$procdff$328 ($adff): ARST=\X1798.CDN, D=\X1798.D, Q=\X1798.Q_reg
Replacing COUNT_12BX2.$techmap\X1849.$procdff$328 ($adff): ARST=\X1849.CDN, D=\X1849.D, Q=\X1849.Q_reg
Replacing COUNT_12BX2.$techmap\X63_1886.$procdff$328 ($adff): ARST=\X63_1886.CDN, D=\X63_1886.D, Q=\X63_1886.Q_reg
Replacing COUNT_12BX2.$techmap\X351_44.$procdff$328 ($adff): ARST=\X351_44.CDN, D=\X351_44.D, Q=\X351_44.Q_reg
Replacing COUNT_12BX2.$techmap\X1796.$procdff$328 ($adff): ARST=\X1796.CDN, D=\X1796.D, Q=\X1796.Q_reg
Replacing COUNT_12BX2.$techmap\X0_1715.$procdff$328 ($adff): ARST=\X0_1715.CDN, D=\X0_1715.D, Q=\X0_1715.Q_reg
Replacing COUNT_12BX2.$techmap\X1797.$procdff$328 ($adff): ARST=\X1797.CDN, D=\X1797.D, Q=\X1797.Q_reg
Replacing COUNT_12BX2.$techmap\X1803.$procdff$328 ($adff): ARST=\X1803.CDN, D=\X1803.D, Q=\X1803.Q_reg
Replacing COUNT_12BX2.$techmap\X1804.$procdff$328 ($adff): ARST=\X1804.CDN, D=\X1804.D, Q=\X1804.Q_reg
Replacing COUNT_12BX2.$techmap\X1802.$procdff$328 ($adff): ARST=\X1802.CDN, D=\X1802.D, Q=\X1802.Q_reg
Replacing COUNT_12BX2.$techmap\X1713.$procdff$328 ($adff): ARST=\X1713.CDN, D=\X1713.D, Q=\X1713.Q_reg
Replacing COUNT_12BX2.$techmap\X430_309.$procdff$328 ($adff): ARST=\X430_309.CDN, D=\X430_309.D, Q=\X430_309.Q_reg
Replacing COUNT_12BX2.$techmap\X1712.$procdff$328 ($adff): ARST=\X1712.CDN, D=\X1712.D, Q=\X1712.Q_reg
Replacing COUNT_12BX2.$techmap\X1800.$procdff$328 ($adff): ARST=\X1800.CDN, D=\X1800.D, Q=\X1800.Q_reg

6. Executing Verilog-2005 frontend: COUNT_12BX2/SC_LIB_SCH.v
Parsing Verilog input from `COUNT_12BX2/SC_LIB_SCH.v' to AST representation.
Generating RTLIL representation for module `\SC_AND2B2_140_90D2'.
Generating RTLIL representation for module `\SC_AND2B2_140_90D4'.
Generating RTLIL representation for module `\SC_AND2_50_30'.
Generating RTLIL representation for module `\SC_AND2_100_40'.
Generating RTLIL representation for module `\SC_AND2_100_90'.
Generating RTLIL representation for module `\SC_AND2_140_80'.
Generating RTLIL representation for module `\SC_AND2_140_90D2'.
Generating RTLIL representation for module `\SC_AND2_140_90D4'.
Generating RTLIL representation for module `\SC_AND3B1_120_70'.
Generating RTLIL representation for module `\SC_AND3B1_130_80'.
Generating RTLIL representation for module `\SC_AND3B12_140_90D4'.
Generating RTLIL representation for module `\SC_AND3_50_30'.
Generating RTLIL representation for module `\SC_AND3_140_80'.
Generating RTLIL representation for module `\SC_AND4B1_140_70'.
Generating RTLIL representation for module `\SC_AND4B34_140_80'.
Generating RTLIL representation for module `\SC_AND4_140_80'.
Generating RTLIL representation for module `\SC_AO12_140_80'.
Generating RTLIL representation for module `\SC_AO13_140_80'.
Generating RTLIL representation for module `\SC_AO22_140_80'.
Generating RTLIL representation for module `\SC_AO22_140_90D2'.
Generating RTLIL representation for module `\SC_AO112_140_80'.
Generating RTLIL representation for module `\SC_AO112_140_90D2'.
Generating RTLIL representation for module `\SC_AO112_140_90D4'.
Generating RTLIL representation for module `\SC_AO122_140_80'.
Generating RTLIL representation for module `\SC_AOA112_140_80'.
Generating RTLIL representation for module `\SC_AOI12_140_90D2'.
Generating RTLIL representation for module `\SC_AOI12_E100_70'.
Generating RTLIL representation for module `\SC_AOI22_E100_60'.
Generating RTLIL representation for module `\SC_AOI112_E100_70'.
Generating RTLIL representation for module `\SC_BUF_40_30'.
Generating RTLIL representation for module `\SC_BUF_100_50'.
Generating RTLIL representation for module `\SC_BUF_100_90'.
Generating RTLIL representation for module `\SC_BUF_100_90D4'.
Generating RTLIL representation for module `\SC_BUF_130_80'.
Generating RTLIL representation for module `\SC_BUF_130_80S1'.
Generating RTLIL representation for module `\SC_BUF_140X2_100'.
Generating RTLIL representation for module `\SC_BUF_140_60'.
Generating RTLIL representation for module `\SC_BUF_140_100'.
Generating RTLIL representation for module `\SC_BUF_140_100D2'.
Generating RTLIL representation for module `\SC_BUF_140_100D3'.
Generating RTLIL representation for module `\SC_BUF_140_100D4'.
Generating RTLIL representation for module `\SC_BUF_140_100D8'.
Generating RTLIL representation for module `\SC_CARRY_140_80'.
Generating RTLIL representation for module `\SC_DFB_140_90'.
Generating RTLIL representation for module `\SC_DFC_140_90'.
Generating RTLIL representation for module `\SC_DFS_140_90'.
Generating RTLIL representation for module `\SC_FNCLOCKGATING_140_80'.
Note: Assuming pure combinatorial block at COUNT_12BX2/SC_LIB_SCH.v:885 in
compliance with IEC 62142(E):2005 / IEEE Std. 1364.1(E):2002. Recommending
use of @* instead of @(...) for better match of synthesis and simulation.
Generating RTLIL representation for module `\SC_HADD_140_80'.
Generating RTLIL representation for module `\SC_INV_50_30'.
Generating RTLIL representation for module `\SC_INV_100_50'.
Generating RTLIL representation for module `\SC_INV_100_90'.
Generating RTLIL representation for module `\SC_INV_100_90D2'.
Generating RTLIL representation for module `\SC_INV_140_60'.
Generating RTLIL representation for module `\SC_INV_140_100'.
Generating RTLIL representation for module `\SC_INV_140_100D2'.
Generating RTLIL representation for module `\SC_INV_140_100D3'.
Generating RTLIL representation for module `\SC_INV_140_100D4'.
Generating RTLIL representation for module `\SC_LAC_140_80'.
Note: Assuming pure combinatorial block at COUNT_12BX2/SC_LIB_SCH.v:1073 in
compliance with IEC 62142(E):2005 / IEEE Std. 1364.1(E):2002. Recommending
use of @* instead of @(...) for better match of synthesis and simulation.
Generating RTLIL representation for module `\SC_LAC_140_80S1'.
Note: Assuming pure combinatorial block at COUNT_12BX2/SC_LIB_SCH.v:1101 in
compliance with IEC 62142(E):2005 / IEEE Std. 1364.1(E):2002. Recommending
use of @* instead of @(...) for better match of synthesis and simulation.
Generating RTLIL representation for module `\SC_LAS_140_80'.
Note: Assuming pure combinatorial block at COUNT_12BX2/SC_LIB_SCH.v:1129 in
compliance with IEC 62142(E):2005 / IEEE Std. 1364.1(E):2002. Recommending
use of @* instead of @(...) for better match of synthesis and simulation.
Generating RTLIL representation for module `\SC_MFB_140_80'.
Generating RTLIL representation for module `\SC_MFC_140_80'.
Generating RTLIL representation for module `\SC_MFC_140_80S1'.
Generating RTLIL representation for module `\SC_MFC_140_90D4'.
Generating RTLIL representation for module `\SC_MFS_140_80'.
Generating RTLIL representation for module `\SC_MX21_100_50'.
Generating RTLIL representation for module `\SC_MX21_140_80'.
Generating RTLIL representation for module `\SC_MX21_140_90'.
Generating RTLIL representation for module `\SC_MX21_140_90D2'.
Generating RTLIL representation for module `\SC_NAND2B1_30_30'.
Generating RTLIL representation for module `\SC_NAND2B1_140_90'.
Generating RTLIL representation for module `\SC_NAND2B2_140X2_90'.
Generating RTLIL representation for module `\SC_NAND2B2_140_90'.
Generating RTLIL representation for module `\SC_NAND2B12_140_80'.
Generating RTLIL representation for module `\SC_NAND2_30_30'.
Generating RTLIL representation for module `\SC_NAND2_70_40'.
Generating RTLIL representation for module `\SC_NAND2_100_90'.
Generating RTLIL representation for module `\SC_NAND2_140X2_90'.
Generating RTLIL representation for module `\SC_NAND2_140X3_80'.
Generating RTLIL representation for module `\SC_NAND2_140_90'.
Generating RTLIL representation for module `\SC_NAND2_140_90D2'.
Generating RTLIL representation for module `\SC_NAND3B3_120_90'.
Generating RTLIL representation for module `\SC_NAND3B12_140_90'.
Generating RTLIL representation for module `\SC_NAND3_50_40'.
Generating RTLIL representation for module `\SC_NAND3_120_100'.
Generating RTLIL representation for module `\SC_NAND3_140_90D4'.
Generating RTLIL representation for module `\SC_NAND4B1_100_90'.
Generating RTLIL representation for module `\SC_NAND4B34_120_90'.
Generating RTLIL representation for module `\SC_NAND4B34_120_90S1'.
Generating RTLIL representation for module `\SC_NAND4_120_90'.
Generating RTLIL representation for module `\SC_NOR2B2_120_70'.
Generating RTLIL representation for module `\SC_NOR2B2_140_70'.
Generating RTLIL representation for module `\SC_NOR2_30_30'.
Generating RTLIL representation for module `\SC_NOR2_100_30'.
Generating RTLIL representation for module `\SC_NOR2_100_90'.
Generating RTLIL representation for module `\SC_NOR2_140_70'.
Generating RTLIL representation for module `\SC_NOR2_140_90'.
Generating RTLIL representation for module `\SC_NOR2_140_90D2'.
Generating RTLIL representation for module `\SC_NOR3B3_100_30'.
Generating RTLIL representation for module `\SC_NOR3B3_130_80'.
Generating RTLIL representation for module `\SC_NOR3_30_30'.
Generating RTLIL representation for module `\SC_NOR3_100_30'.
Generating RTLIL representation for module `\SC_NOR3_130_70'.
Generating RTLIL representation for module `\SC_NOR4B34_130_80'.
Generating RTLIL representation for module `\SC_OA12_140_80'.
Generating RTLIL representation for module `\SC_OA12_140_90D2'.
Generating RTLIL representation for module `\SC_OA13_140_80'.
Generating RTLIL representation for module `\SC_OA22_140_80'.
Generating RTLIL representation for module `\SC_OA122_140_80'.
Generating RTLIL representation for module `\SC_OA211_140_80'.
Generating RTLIL representation for module `\SC_OAI12_100_E80'.
Generating RTLIL representation for module `\SC_OAI22_100_E80'.
Generating RTLIL representation for module `\SC_OAI211_90_E60'.
Generating RTLIL representation for module `\SC_OAO112_140_80'.
GeneratingERROR: Can't open input file `/home/wsl2/formal/RE-Agent/spec_structural.v' for reading: No such file or directory
